<?xml version="1.0" encoding="UTF-8"?>
<!-- Generated by org.testng.reporters.JUnitReportReporter -->
<testsuite hostname="LAPTOP-LLIF1EMJ" failures="0" tests="1" name="day3.CookiesDemo" time="2.013" errors="0" timestamp="2023-07-08T03:18:48 IST" skipped="0">
  <testcase classname="day3.CookiesDemo" name="cookietests" time="2.013"/>
  <system-out/>
</testsuite> <!-- day3.CookiesDemo -->
