<?xml version="1.0" encoding="UTF-8"?>
<!-- Generated by org.testng.reporters.JUnitReportReporter -->
<testsuite hostname="LAPTOP-LLIF1EMJ" failures="0" tests="1" name="day3.HeadersDemo" time="3.322" errors="0" timestamp="2023-07-08T03:53:16 IST" skipped="0">
  <testcase classname="day3.HeadersDemo" name="headersTests" time="3.322"/>
  <system-out/>
</testsuite> <!-- day3.HeadersDemo -->
