<?xml version="1.0" encoding="UTF-8"?>
<!-- Generated by org.testng.reporters.JUnitReportReporter -->
<testsuite hostname="LAPTOP-LLIF1EMJ" failures="0" tests="1" name="day3.PathQueryParamTest" time="5.029" errors="0" timestamp="2023-07-08T02:48:34 IST" skipped="0">
  <testcase classname="day3.PathQueryParamTest" name="testQueryPathparams" time="5.029"/>
  <system-out/>
</testsuite> <!-- day3.PathQueryParamTest -->
