<?xml version="1.0" encoding="UTF-8"?>
<!-- Generated by org.testng.reporters.JUnitReportReporter -->
<testsuite hostname="LAPTOP-LLIF1EMJ" failures="0" tests="4" name="day1.HttpsRequest" time="6.995" errors="0" timestamp="2023-07-07T00:32:23 IST" skipped="0">
  <testcase classname="day1.HttpsRequest" name="getUser" time="4.303"/>
  <system-out/>
  <testcase classname="day1.HttpsRequest" name="createUser" time="1.449"/>
  <system-out/>
  <testcase classname="day1.HttpsRequest" name="updateUser" time="0.594"/>
  <system-out/>
  <testcase classname="day1.HttpsRequest" name="deleteUser" time="0.649"/>
  <system-out/>
</testsuite> <!-- day1.HttpsRequest -->
