<?xml version="1.0" encoding="UTF-8"?>
<!-- Generated by org.testng.reporters.JUnitReportReporter -->
<testsuite hostname="LAPTOP-LLIF1EMJ" failures="0" tests="2" name="day2.PostRequestBodys" time="4.412" errors="0" timestamp="2023-07-07T12:50:57 IST" skipped="0">
  <testcase classname="day2.PostRequestBodys" name="methodJsonFile" time="4.320"/>
  <system-out/>
  <testcase classname="day2.PostRequestBodys" name="deleteHashmapRecord" time="0.092"/>
  <system-out/>
</testsuite> <!-- day2.PostRequestBodys -->
